<?xml version="1.0" encoding="UTF-8"?>
<!-- Generated by org.testng.reporters.JUnitReportReporter -->
<testsuite hostname="QuocBao" name="nightly_auto_001.s001_login" tests="1" failures="0" timestamp="26 Oct 2017 03:42:49 GMT" time="18.806" errors="0">
  <testcase name="login_TC001" time="18.806" classname="nightly_auto_001.s001_login"/>
</testsuite> <!-- nightly_auto_001.s001_login -->
