<?xml version="1.0" encoding="UTF-8"?>
<!-- Generated by org.testng.reporters.JUnitReportReporter -->
<testsuite hostname="QuocBao" name="event_creation.event_creation_page" tests="3" failures="0" timestamp="26 Oct 2017 01:24:32 GMT" time="6.670" errors="0">
  <testcase name="event_creation_page_TC001" time="5.339" classname="event_creation.event_creation_page"/>
  <testcase name="event_creation_page_TC004" time="0.770" classname="event_creation.event_creation_page"/>
  <testcase name="event_creation_page_TC003" time="0.561" classname="event_creation.event_creation_page"/>
</testsuite> <!-- event_creation.event_creation_page -->
